<?xml version="1.0" encoding="UTF-8"?>
<coverage generated="1633374443257" clover="3.2.0">
  <project timestamp="1633374443258" name="All files">
    <metrics statements="2" coveredstatements="2" conditionals="2" coveredconditionals="2" methods="2" coveredmethods="2" elements="6" coveredelements="6" complexity="0" loc="2" ncloc="2" packages="1" files="1" classes="1"/>
    <file name="rating.js" path="C:\Users\1\Desktop\Обучение\Frontend\ajs-homeworks_tests\src\js\rating.js">
      <metrics statements="2" coveredstatements="2" conditionals="2" coveredconditionals="2" methods="2" coveredmethods="2"/>
      <line num="2" count="8" type="cond" truecount="2" falsecount="0"/>
      <line num="3" count="2" type="stmt"/>
    </file>
  </project>
</coverage>
