{"/mnt/c/Users/1/Desktop/Обучение/Frontend/Netology/ajs-homeworks_tests/src/js/health.js": {"path":"/mnt/c/Users/1/Desktop/Обучение/Frontend/Netology/ajs-homeworks_tests/src/js/health.js","statementMap":{"0":{"start":{"line":2,"column":20},"end":{"line":2,"column":28}},"1":{"start":{"line":3,"column":1},"end":{"line":11,"column":2}},"2":{"start":{"line":4,"column":2},"end":{"line":4,"column":19}},"3":{"start":{"line":5,"column":8},"end":{"line":11,"column":2}},"4":{"start":{"line":6,"column":2},"end":{"line":6,"column":19}},"5":{"start":{"line":7,"column":8},"end":{"line":11,"column":2}},"6":{"start":{"line":8,"column":2},"end":{"line":8,"column":20}},"7":{"start":{"line":10,"column":2},"end":{"line":10,"column":21}}},"fnMap":{"0":{"name":"getColorIndicator","decl":{"start":{"line":1,"column":24},"end":{"line":1,"column":41}},"loc":{"start":{"line":1,"column":52},"end":{"line":12,"column":1}},"line":1}},"branchMap":{"0":{"loc":{"start":{"line":3,"column":1},"end":{"line":11,"column":2}},"type":"if","locations":[{"start":{"line":3,"column":1},"end":{"line":11,"column":2}},{"start":{"line":3,"column":1},"end":{"line":11,"column":2}}],"line":3},"1":{"loc":{"start":{"line":5,"column":8},"end":{"line":11,"column":2}},"type":"if","locations":[{"start":{"line":5,"column":8},"end":{"line":11,"column":2}},{"start":{"line":5,"column":8},"end":{"line":11,"column":2}}],"line":5},"2":{"loc":{"start":{"line":5,"column":12},"end":{"line":5,"column":39}},"type":"binary-expr","locations":[{"start":{"line":5,"column":12},"end":{"line":5,"column":24}},{"start":{"line":5,"column":28},"end":{"line":5,"column":39}}],"line":5},"3":{"loc":{"start":{"line":7,"column":8},"end":{"line":11,"column":2}},"type":"if","locations":[{"start":{"line":7,"column":8},"end":{"line":11,"column":2}},{"start":{"line":7,"column":8},"end":{"line":11,"column":2}}],"line":7},"4":{"loc":{"start":{"line":7,"column":12},"end":{"line":7,"column":37}},"type":"binary-expr","locations":[{"start":{"line":7,"column":12},"end":{"line":7,"column":23}},{"start":{"line":7,"column":27},"end":{"line":7,"column":37}}],"line":7}},"s":{"0":4,"1":4,"2":1,"3":3,"4":1,"5":2,"6":1,"7":1},"f":{"0":4},"b":{"0":[1,3],"1":[1,2],"2":[3,3],"3":[1,1],"4":[2,2]},"_coverageSchema":"1a1c01bbd47fc00a2c39e90264f33305004495a9","hash":"3129c00c17fc8e7e06db31f5187c3411df8440f5"}
,"/mnt/c/Users/1/Desktop/Обучение/Frontend/Netology/ajs-homeworks_tests/src/js/rating.js": {"path":"/mnt/c/Users/1/Desktop/Обучение/Frontend/Netology/ajs-homeworks_tests/src/js/rating.js","statementMap":{"0":{"start":{"line":2,"column":1},"end":{"line":2,"column":74}},"1":{"start":{"line":2,"column":37},"end":{"line":2,"column":72}},"2":{"start":{"line":3,"column":1},"end":{"line":3,"column":22}}},"fnMap":{"0":{"name":"getPlayerRating","decl":{"start":{"line":1,"column":24},"end":{"line":1,"column":39}},"loc":{"start":{"line":1,"column":55},"end":{"line":4,"column":1}},"line":1},"1":{"name":"(anonymous_1)","decl":{"start":{"line":2,"column":20},"end":{"line":2,"column":21}},"loc":{"start":{"line":2,"column":37},"end":{"line":2,"column":72}},"line":2}},"branchMap":{"0":{"loc":{"start":{"line":2,"column":37},"end":{"line":2,"column":72}},"type":"cond-expr","locations":[{"start":{"line":2,"column":66},"end":{"line":2,"column":68}},{"start":{"line":2,"column":71},"end":{"line":2,"column":72}}],"line":2}},"s":{"0":1,"1":4,"2":1},"f":{"0":1,"1":4},"b":{"0":[2,2]},"_coverageSchema":"1a1c01bbd47fc00a2c39e90264f33305004495a9","hash":"5b77e2b5a145f169acfced3160aaa28edd2a643d"}
}
