{"C:\\Users\\1\\Desktop\\Обучение\\Frontend\\ajs-homeworks_tests\\src\\js\\rating.js": {"path":"C:\\Users\\1\\Desktop\\Обучение\\Frontend\\ajs-homeworks_tests\\src\\js\\rating.js","statementMap":{"0":{"start":{"line":2,"column":2},"end":{"line":2,"column":77}},"1":{"start":{"line":2,"column":39},"end":{"line":2,"column":74}},"2":{"start":{"line":3,"column":2},"end":{"line":3,"column":23}}},"fnMap":{"0":{"name":"getPlayerRating","decl":{"start":{"line":1,"column":24},"end":{"line":1,"column":39}},"loc":{"start":{"line":1,"column":55},"end":{"line":4,"column":1}},"line":1},"1":{"name":"(anonymous_1)","decl":{"start":{"line":2,"column":21},"end":{"line":2,"column":22}},"loc":{"start":{"line":2,"column":39},"end":{"line":2,"column":74}},"line":2}},"branchMap":{"0":{"loc":{"start":{"line":2,"column":39},"end":{"line":2,"column":74}},"type":"cond-expr","locations":[{"start":{"line":2,"column":68},"end":{"line":2,"column":70}},{"start":{"line":2,"column":73},"end":{"line":2,"column":74}}],"line":2}},"s":{"0":2,"1":8,"2":2},"f":{"0":2,"1":8},"b":{"0":[4,4]},"_coverageSchema":"1a1c01bbd47fc00a2c39e90264f33305004495a9","hash":"0a8748b18dfb7147206b6e7366a11642a8189a07"}
}
