TN:
SF:src/js/health.js
FN:1,getColorIndicator
FNF:1
FNH:1
FNDA:4,getColorIndicator
DA:2,4
DA:3,4
DA:4,1
DA:5,3
DA:6,1
DA:7,2
DA:8,1
DA:10,1
LF:8
LH:8
BRDA:3,0,0,1
BRDA:3,0,1,3
BRDA:5,1,0,1
BRDA:5,1,1,2
BRDA:5,2,0,3
BRDA:5,2,1,3
BRDA:7,3,0,1
BRDA:7,3,1,1
BRDA:7,4,0,2
BRDA:7,4,1,2
BRF:10
BRH:10
end_of_record
TN:
SF:src/js/rating.js
FN:1,getPlayerRating
FN:2,(anonymous_1)
FNF:2
FNH:2
FNDA:1,getPlayerRating
FNDA:4,(anonymous_1)
DA:2,4
DA:3,1
LF:2
LH:2
BRDA:2,0,0,2
BRDA:2,0,1,2
BRF:2
BRH:2
end_of_record
